Log file open, 07/10/20 17:24:45
LogWindows: Failed to load 'aqProf.dll' (GetLastError=126)
LogWindows: File 'aqProf.dll' does not exist
LogWindows: Failed to load 'VtuneApi.dll' (GetLastError=126)
LogWindows: File 'VtuneApi.dll' does not exist
LogWindows: Failed to load 'VtuneApi32e.dll' (GetLastError=126)
LogWindows: File 'VtuneApi32e.dll' does not exist
LogConsoleResponse: Display: Failed to find resolution value strings in scalability ini. Falling back to default.
LogInit: Display: Running engine for game: JamesSvillage
LogPlatformFile: Not using cached read wrapper
LogTaskGraph: Started task graph with 5 named threads and 14 total threads with 3 sets of task threads.
LogStats: Stats thread started at 0.093456
LogD3D11RHI: Loaded GFSDK_Aftermath_Lib.x64.dll
LogICUInternationalization: ICU TimeZone Detection - Raw Offset: +1:00, Platform Override: ''
LogPluginManager: Mounting plugin Paper2D
LogPluginManager: Mounting plugin AISupport
LogPluginManager: Mounting plugin LightPropagationVolume
LogPluginManager: Mounting plugin ActorLayerUtilities
LogPluginManager: Mounting plugin AnimationSharing
LogPluginManager: Mounting plugin CLionSourceCodeAccess
LogPluginManager: Mounting plugin CodeLiteSourceCodeAccess
LogPluginManager: Mounting plugin GitSourceControl
LogPluginManager: Mounting plugin KDevelopSourceCodeAccess
LogPluginManager: Mounting plugin NullSourceCodeAccess
LogPluginManager: Mounting plugin PerforceSourceControl
LogPluginManager: Mounting plugin SubversionSourceControl
LogPluginManager: Mounting plugin UObjectPlugin
LogPluginManager: Mounting plugin VisualStudioCodeSourceCodeAccess
LogPluginManager: Mounting plugin VisualStudioSourceCodeAccess
LogPluginManager: Mounting plugin XCodeSourceCodeAccess
LogPluginManager: Mounting plugin AssetManagerEditor
LogPluginManager: Mounting plugin CryptoKeys
LogPluginManager: Mounting plugin CurveEditorTools
LogPluginManager: Mounting plugin DataValidation
LogPluginManager: Mounting plugin FacialAnimation
LogPluginManager: Mounting plugin GameplayTagsEditor
LogPluginManager: Mounting plugin MacGraphicsSwitching
LogPluginManager: Mounting plugin MaterialAnalyzer
LogPluginManager: Mounting plugin MobileLauncherProfileWizard
LogPluginManager: Mounting plugin PluginBrowser
LogPluginManager: Mounting plugin SpeedTreeImporter
LogPluginManager: Mounting plugin DatasmithContent
LogPluginManager: Mounting plugin VariantManagerContent
LogPluginManager: Mounting plugin AlembicImporter
LogPluginManager: Mounting plugin AutomationUtils
LogPluginManager: Mounting plugin BackChannel
LogPluginManager: Mounting plugin CharacterAI
LogPluginManager: Mounting plugin GeometryCache
LogPluginManager: Mounting plugin HTML5Networking
LogPluginManager: Mounting plugin PlatformCrypto
LogPluginManager: Mounting plugin ProxyLODPlugin
LogPluginManager: Mounting plugin SkeletalReduction
LogPluginManager: Mounting plugin MagicLeap
LogPluginManager: Mounting plugin MagicLeapMedia
LogPluginManager: Mounting plugin AndroidMedia
LogPluginManager: Mounting plugin AvfMedia
LogPluginManager: Mounting plugin ImgMedia
LogPluginManager: Mounting plugin MediaCompositing
LogPluginManager: Mounting plugin MediaPlayerEditor
LogPluginManager: Mounting plugin WebMMedia
LogPluginManager: Mounting plugin WmfMedia
LogPluginManager: Mounting plugin TcpMessaging
LogPluginManager: Mounting plugin UdpMessaging
LogPluginManager: Mounting plugin ActorSequence
LogPluginManager: Mounting plugin LevelSequenceEditor
LogPluginManager: Mounting plugin MatineeToLevelSequence
LogPluginManager: Mounting plugin NetcodeUnitTest
LogPluginManager: Mounting plugin NUTUnrealEngine4
LogPluginManager: Mounting plugin OnlineSubsystemGooglePlay
LogPluginManager: Mounting plugin OnlineSubsystemIOS
LogPluginManager: Mounting plugin OnlineSubsystem
LogPluginManager: Mounting plugin OnlineSubsystemNull
LogPluginManager: Mounting plugin OnlineSubsystemUtils
LogPluginManager: Mounting plugin LauncherChunkInstaller
LogPluginManager: Mounting plugin AndroidDeviceProfileSelector
LogPluginManager: Mounting plugin AndroidMoviePlayer
LogPluginManager: Mounting plugin AndroidPermission
LogPluginManager: Mounting plugin AppleImageUtils
LogPluginManager: Mounting plugin AppleMoviePlayer
LogPluginManager: Mounting plugin ArchVisCharacter
LogPluginManager: Mounting plugin AudioCapture
LogPluginManager: Mounting plugin CableComponent
LogPluginManager: Mounting plugin CustomMeshComponent
LogPluginManager: Mounting plugin EditableMesh
LogPluginManager: Mounting plugin ExampleDeviceProfileSelector
LogPluginManager: Mounting plugin GoogleCloudMessaging
LogPluginManager: Mounting plugin IOSDeviceProfileSelector
LogPluginManager: Mounting plugin LinuxDeviceProfileSelector
LogPluginManager: Mounting plugin LocationServicesBPLibrary
LogPluginManager: Mounting plugin MobilePatchingUtils
LogPluginManager: Mounting plugin OculusVR
LogPluginManager: Mounting plugin PhysXVehicles
LogPluginManager: Mounting plugin ProceduralMeshComponent
LogPluginManager: Mounting plugin RuntimePhysXCooking
LogPluginManager: Mounting plugin SignificanceManager
LogPluginManager: Mounting plugin SteamVR
LogPluginManager: Mounting plugin WebMMoviePlayer
LogPluginManager: Mounting plugin WindowsMoviePlayer
LogPluginManager: Mounting plugin ScreenshotTools
LogInit: Using libcurl 7.55.1-DEV
LogInit:  - built for x86_64-pc-win32
LogInit:  - supports SSL with OpenSSL/1.1.1
LogInit:  - supports HTTP deflate (compression) using libz 1.2.8
LogInit:  - other features:
LogInit:      CURL_VERSION_SSL
LogInit:      CURL_VERSION_LIBZ
LogInit:      CURL_VERSION_IPV6
LogInit:      CURL_VERSION_ASYNCHDNS
LogInit:      CURL_VERSION_LARGEFILE
LogInit:      CURL_VERSION_IDN
LogInit:  CurlRequestOptions (configurable via config and command line):
LogInit:  - bVerifyPeer = true  - Libcurl will verify peer certificate
LogInit:  - bUseHttpProxy = false  - Libcurl will NOT use HTTP proxy
LogInit:  - bDontReuseConnections = false  - Libcurl will reuse connections
LogInit:  - MaxHostConnections = 16  - Libcurl will limit the number of connections to a host
LogInit:  - LocalHostAddr = Default
LogInit:  - BufferSize = 65536
LogOnline: OSS: Creating online subsystem instance for: NULL
LogInit: WinSock: version 1.1 (2.2), MaxSocks=32767, MaxUdp=65467
LogInit: Build: ++UE4+Release-4.23-CL-9631420
LogInit: Engine Version: 4.23.1-9631420+++UE4+Release-4.23
LogInit: Compatible Engine Version: 4.23.0-8386587+++UE4+Release-4.23
LogInit: Net CL: 8386587
LogInit: OS: Windows 10 (Release 1909) (), CPU: AMD Ryzen 3 1200 Quad-Core Processor           , GPU: Radeon RX 570 Series
LogInit: Compiled (64-bit): Oct 18 2019 02:07:44
LogInit: Compiled with Visual C++: 19.16.27030.01
LogInit: Build Configuration: Development
LogInit: Branch Name: ++UE4+Release-4.23
LogInit: Command Line:  -EpicPortal -epicusername=Symbiose_num_570 -epicuserid=9c5d4563533741428466834340ea3d09 -epiclocale=fr
LogInit: Base Directory: D:/Unreal Engine 4.23.1/UE_4.23/Engine/Binaries/Win64/
LogInit: Installed Engine Build: 1
LogDevObjectVersion: Number of dev versions registered: 23
LogDevObjectVersion:   Dev-Blueprints (B0D832E4-1F89-4F0D-ACCF-7EB736FD4AA2): 10
LogDevObjectVersion:   Dev-Build (E1C64328-A22C-4D53-A36C-8E866417BD8C): 0
LogDevObjectVersion:   Dev-Core (375EC13C-06E4-48FB-B500-84F0262A717E): 3
LogDevObjectVersion:   Dev-Editor (E4B068ED-F494-42E9-A231-DA0B2E46BB41): 34
LogDevObjectVersion:   Dev-Framework (CFFC743F-43B0-4480-9391-14DF171D2073): 35
LogDevObjectVersion:   Dev-Mobile (B02B49B5-BB20-44E9-A304-32B752E40360): 2
LogDevObjectVersion:   Dev-Networking (A4E4105C-59A1-49B5-A7C5-40C4547EDFEE): 0
LogDevObjectVersion:   Dev-Online (39C831C9-5AE6-47DC-9A44-9C173E1C8E7C): 0
LogDevObjectVersion:   Dev-Physics (78F01B33-EBEA-4F98-B9B4-84EACCB95AA2): 0
LogDevObjectVersion:   Dev-Platform (6631380F-2D4D-43E0-8009-CF276956A95A): 0
LogDevObjectVersion:   Dev-Rendering (12F88B9F-8875-4AFC-A67C-D90C383ABD29): 31
LogDevObjectVersion:   Dev-Sequencer (7B5AE74C-D270-4C10-A958-57980B212A5A): 11
LogDevObjectVersion:   Dev-VR (D7296918-1DD6-4BDD-9DE2-64A83CC13884): 2
LogDevObjectVersion:   Dev-LoadTimes (C2A15278-BFE7-4AFE-6C17-90FF531DF755): 1
LogDevObjectVersion:   Private-Geometry (6EACA3D4-40EC-4CC1-B786-8BED09428FC5): 3
LogDevObjectVersion:   Dev-AnimPhys (29E575DD-E0A3-4627-9D10-D276232CDCEA): 17
LogDevObjectVersion:   Dev-Anim (AF43A65D-7FD3-4947-9873-3E8ED9C1BB05): 2
LogDevObjectVersion:   Dev-ReflectionCapture (6B266CEC-1EC7-4B8F-A30B-E4D90942FC07): 1
LogDevObjectVersion:   Dev-Automation (0DF73D61-A23F-47EA-B727-89E90C41499A): 1
LogDevObjectVersion:   FortniteMain (601D1886-AC64-4F84-AA16-D3DE0DEAC7D6): 27
LogDevObjectVersion:   Dev-Enterprise (9DFFBCD6-494F-0158-E221-12823C92A888): 6
LogDevObjectVersion:   Dev-Niagara (F2AED0AC-9AFE-416F-8664-AA7FFA26D6FC): 1
LogDevObjectVersion:   Dev-Destruction (174F1F0B-B4C6-45A5-B13F-2EE8D0FB917D): 9
LogInit: Presizing for max 16777216 objects, including 0 objects not considered by GC, pre-allocating 0 bytes for permanent pool.
LogInit: Object subsystem initialized
LogConfig: Setting CVar [[con.DebugEarlyDefault:1]]
LogConfig: Setting CVar [[r.setres:1280x720]]
[2020.07.10-15.24.46:059][  0]LogConfig: Setting CVar [[r.VSync:0]]
[2020.07.10-15.24.46:059][  0]LogConfig: Setting CVar [[r.RHICmdBypass:0]]
[2020.07.10-15.24.46:060][  0]LogConfig: Applying CVar settings from Section [/Script/Engine.RendererSettings] File [C:/Users/PC livio/Documents/GitHub/JamesSvillage/JamesSvillage/Saved/Config/Windows/Engine.ini]
[2020.07.10-15.24.46:060][  0]LogConfig: Setting CVar [[r.GPUCrashDebugging:0]]
[2020.07.10-15.24.46:060][  0]LogConfig: Setting CVar [[r.DefaultFeature.AutoExposure.ExtendDefaultLuminanceRange:1]]
[2020.07.10-15.24.46:060][  0]LogConfig: Applying CVar settings from Section [/Script/Engine.RendererOverrideSettings] File [C:/Users/PC livio/Documents/GitHub/JamesSvillage/JamesSvillage/Saved/Config/Windows/Engine.ini]
[2020.07.10-15.24.46:060][  0]LogConfig: Applying CVar settings from Section [/Script/Engine.StreamingSettings] File [C:/Users/PC livio/Documents/GitHub/JamesSvillage/JamesSvillage/Saved/Config/Windows/Engine.ini]
[2020.07.10-15.24.46:060][  0]LogConfig: Setting CVar [[s.MinBulkDataSizeForAsyncLoading:131072]]
[2020.07.10-15.24.46:060][  0]LogConfig: Setting CVar [[s.AsyncLoadingThreadEnabled:0]]
[2020.07.10-15.24.46:060][  0]LogConfig: Setting CVar [[s.EventDrivenLoaderEnabled:1]]
[2020.07.10-15.24.46:060][  0]LogConfig: Setting CVar [[s.WarnIfTimeLimitExceeded:0]]
[2020.07.10-15.24.46:060][  0]LogConfig: Setting CVar [[s.TimeLimitExceededMultiplier:1.5]]
[2020.07.10-15.24.46:060][  0]LogConfig: Setting CVar [[s.TimeLimitExceededMinTime:0.005]]
[2020.07.10-15.24.46:060][  0]LogConfig: Setting CVar [[s.UseBackgroundLevelStreaming:1]]
[2020.07.10-15.24.46:060][  0]LogConfig: Setting CVar [[s.PriorityAsyncLoadingExtraTime:15.0]]
[2020.07.10-15.24.46:060][  0]LogConfig: Setting CVar [[s.LevelStreamingActorsUpdateTimeLimit:5.0]]
[2020.07.10-15.24.46:060][  0]LogConfig: Setting CVar [[s.PriorityLevelStreamingActorsUpdateExtraTime:5.0]]
[2020.07.10-15.24.46:060][  0]LogConfig: Setting CVar [[s.LevelStreamingComponentsRegistrationGranularity:10]]
[2020.07.10-15.24.46:060][  0]LogConfig: Setting CVar [[s.UnregisterComponentsTimeLimit:1.0]]
[2020.07.10-15.24.46:060][  0]LogConfig: Setting CVar [[s.LevelStreamingComponentsUnregistrationGranularity:5]]
[2020.07.10-15.24.46:060][  0]LogConfig: Applying CVar settings from Section [/Script/Engine.GarbageCollectionSettings] File [C:/Users/PC livio/Documents/GitHub/JamesSvillage/JamesSvillage/Saved/Config/Windows/Engine.ini]
[2020.07.10-15.24.46:060][  0]LogConfig: Setting CVar [[gc.MaxObjectsNotConsideredByGC:1]]
[2020.07.10-15.24.46:060][  0]LogConfig: Setting CVar [[gc.SizeOfPermanentObjectPool:0]]
[2020.07.10-15.24.46:060][  0]LogConfig: Setting CVar [[gc.FlushStreamingOnGC:0]]
[2020.07.10-15.24.46:060][  0]LogConfig: Setting CVar [[gc.NumRetriesBeforeForcingGC:10]]
[2020.07.10-15.24.46:060][  0]LogConfig: Setting CVar [[gc.AllowParallelGC:1]]
[2020.07.10-15.24.46:060][  0]LogConfig: Setting CVar [[gc.TimeBetweenPurgingPendingKillObjects:61.1]]
[2020.07.10-15.24.46:060][  0]LogConfig: Setting CVar [[gc.MaxObjectsInEditor:16777216]]
[2020.07.10-15.24.46:060][  0]LogConfig: Setting CVar [[gc.IncrementalBeginDestroyEnabled:1]]
[2020.07.10-15.24.46:060][  0]LogConfig: Setting CVar [[gc.CreateGCClusters:1]]
[2020.07.10-15.24.46:060][  0]LogConfig: Setting CVar [[gc.MinGCClusterSize:5]]
[2020.07.10-15.24.46:060][  0]LogConfig: Setting CVar [[gc.ActorClusteringEnabled:0]]
[2020.07.10-15.24.46:060][  0]LogConfig: Setting CVar [[gc.BlueprintClusteringEnabled:0]]
[2020.07.10-15.24.46:060][  0]LogConfig: Setting CVar [[gc.UseDisregardForGCOnDedicatedServers:0]]
[2020.07.10-15.24.46:060][  0]LogConfig: Applying CVar settings from Section [/Script/Engine.NetworkSettings] File [C:/Users/PC livio/Documents/GitHub/JamesSvillage/JamesSvillage/Saved/Config/Windows/Engine.ini]
[2020.07.10-15.24.46:060][  0]LogConfig: Applying CVar settings from Section [/Script/UnrealEd.CookerSettings] File [C:/Users/PC livio/Documents/GitHub/JamesSvillage/JamesSvillage/Saved/Config/Windows/Engine.ini]
[2020.07.10-15.24.46:065][  0]LogConfig: Applying CVar settings from Section [ViewDistanceQuality@3] File [C:/Users/PC livio/Documents/GitHub/JamesSvillage/JamesSvillage/Saved/Config/Windows/Scalability.ini]
[2020.07.10-15.24.46:065][  0]LogConfig: Setting CVar [[r.SkeletalMeshLODBias:0]]
[2020.07.10-15.24.46:065][  0]LogConfig: Setting CVar [[r.ViewDistanceScale:1.0]]
[2020.07.10-15.24.46:065][  0]LogConfig: Applying CVar settings from Section [AntiAliasingQuality@3] File [C:/Users/PC livio/Documents/GitHub/JamesSvillage/JamesSvillage/Saved/Config/Windows/Scalability.ini]
[2020.07.10-15.24.46:065][  0]LogConfig: Setting CVar [[r.PostProcessAAQuality:4]]
[2020.07.10-15.24.46:065][  0]LogConfig: Applying CVar settings from Section [ShadowQuality@3] File [C:/Users/PC livio/Documents/GitHub/JamesSvillage/JamesSvillage/Saved/Config/Windows/Scalability.ini]
[2020.07.10-15.24.46:065][  0]LogConfig: Setting CVar [[r.LightFunctionQuality:1]]
[2020.07.10-15.24.46:065][  0]LogConfig: Setting CVar [[r.ShadowQuality:5]]
[2020.07.10-15.24.46:065][  0]LogConfig: Setting CVar [[r.Shadow.CSM.MaxCascades:10]]
[2020.07.10-15.24.46:065][  0]LogConfig: Setting CVar [[r.Shadow.MaxResolution:2048]]
[2020.07.10-15.24.46:065][  0]LogConfig: Setting CVar [[r.Shadow.MaxCSMResolution:2048]]
[2020.07.10-15.24.46:065][  0]LogConfig: Setting CVar [[r.Shadow.RadiusThreshold:0.01]]
[2020.07.10-15.24.46:065][  0]LogConfig: Setting CVar [[r.Shadow.DistanceScale:1.0]]
[2020.07.10-15.24.46:065][  0]LogConfig: Setting CVar [[r.Shadow.CSM.TransitionScale:1.0]]
[2020.07.10-15.24.46:065][  0]LogConfig: Setting CVar [[r.Shadow.PreShadowResolutionFactor:1.0]]
[2020.07.10-15.24.46:065][  0]LogConfig: Setting CVar [[r.DistanceFieldShadowing:1]]
[2020.07.10-15.24.46:065][  0]LogConfig: Setting CVar [[r.DistanceFieldAO:1]]
[2020.07.10-15.24.46:065][  0]LogConfig: Setting CVar [[r.AOQuality:2]]
[2020.07.10-15.24.46:065][  0]LogConfig: Setting CVar [[r.VolumetricFog:1]]
[2020.07.10-15.24.46:065][  0]LogConfig: Setting CVar [[r.VolumetricFog.GridPixelSize:8]]
[2020.07.10-15.24.46:065][  0]LogConfig: Setting CVar [[r.VolumetricFog.GridSizeZ:128]]
[2020.07.10-15.24.46:065][  0]LogConfig: Setting CVar [[r.VolumetricFog.HistoryMissSupersampleCount:4]]
[2020.07.10-15.24.46:065][  0]LogConfig: Setting CVar [[r.LightMaxDrawDistanceScale:1]]
[2020.07.10-15.24.46:065][  0]LogConfig: Setting CVar [[r.CapsuleShadows:1]]
[2020.07.10-15.24.46:065][  0]LogConfig: Applying CVar settings from Section [PostProcessQuality@3] File [C:/Users/PC livio/Documents/GitHub/JamesSvillage/JamesSvillage/Saved/Config/Windows/Scalability.ini]
[2020.07.10-15.24.46:065][  0]LogConfig: Setting CVar [[r.MotionBlurQuality:4]]
[2020.07.10-15.24.46:065][  0]LogConfig: Setting CVar [[r.AmbientOcclusionMipLevelFactor:0.4]]
[2020.07.10-15.24.46:065][  0]LogConfig: Setting CVar [[r.AmbientOcclusionMaxQuality:100]]
[2020.07.10-15.24.46:065][  0]LogConfig: Setting CVar [[r.AmbientOcclusionLevels:-1]]
[2020.07.10-15.24.46:065][  0]LogConfig: Setting CVar [[r.AmbientOcclusionRadiusScale:1.0]]
[2020.07.10-15.24.46:065][  0]LogConfig: Setting CVar [[r.DepthOfFieldQuality:2]]
[2020.07.10-15.24.46:065][  0]LogConfig: Setting CVar [[r.RenderTargetPoolMin:400]]
[2020.07.10-15.24.46:065][  0]LogConfig: Setting CVar [[r.LensFlareQuality:2]]
[2020.07.10-15.24.46:065][  0]LogConfig: Setting CVar [[r.SceneColorFringeQuality:1]]
[2020.07.10-15.24.46:065][  0]LogConfig: Setting CVar [[r.EyeAdaptationQuality:2]]
[2020.07.10-15.24.46:065][  0]LogConfig: Setting CVar [[r.BloomQuality:5]]
[2020.07.10-15.24.46:065][  0]LogConfig: Setting CVar [[r.FastBlurThreshold:100]]
[2020.07.10-15.24.46:065][  0]LogConfig: Setting CVar [[r.Upscale.Quality:3]]
[2020.07.10-15.24.46:065][  0]LogConfig: Setting CVar [[r.Tonemapper.GrainQuantization:1]]
[2020.07.10-15.24.46:065][  0]LogConfig: Setting CVar [[r.LightShaftQuality:1]]
[2020.07.10-15.24.46:065][  0]LogConfig: Setting CVar [[r.Filter.SizeScale:1]]
[2020.07.10-15.24.46:065][  0]LogConfig: Setting CVar [[r.Tonemapper.Quality:5]]
[2020.07.10-15.24.46:065][  0]LogConfig: Setting CVar [[r.DOF.Gather.AccumulatorQuality:1        ; higher gathering accumulator quality]]
[2020.07.10-15.24.46:065][  0]LogConfig: Setting CVar [[r.DOF.Gather.PostfilterMethod:1          ; Median3x3 postfilering method]]
[2020.07.10-15.24.46:065][  0]LogConfig: Setting CVar [[r.DOF.Gather.EnableBokehSettings:0       ; no bokeh simulation when gathering]]
[2020.07.10-15.24.46:065][  0]LogConfig: Setting CVar [[r.DOF.Gather.RingCount:4                 ; medium number of samples when gathering]]
[2020.07.10-15.24.46:065][  0]LogConfig: Setting CVar [[r.DOF.Scatter.ForegroundCompositing:1    ; additive foreground scattering]]
[2020.07.10-15.24.46:065][  0]LogConfig: Setting CVar [[r.DOF.Scatter.BackgroundCompositing:2    ; additive background scattering]]
[2020.07.10-15.24.46:065][  0]LogConfig: Setting CVar [[r.DOF.Scatter.EnableBokehSettings:1      ; bokeh simulation when scattering]]
[2020.07.10-15.24.46:065][  0]LogConfig: Setting CVar [[r.DOF.Scatter.MaxSpriteRatio:0.1         ; only a maximum of 10% of scattered bokeh]]
[2020.07.10-15.24.46:065][  0]LogConfig: Setting CVar [[r.DOF.Recombine.Quality:1                ; cheap slight out of focus]]
[2020.07.10-15.24.46:065][  0]LogConfig: Setting CVar [[r.DOF.Recombine.EnableBokehSettings:0    ; no bokeh simulation on slight out of focus]]
[2020.07.10-15.24.46:065][  0]LogConfig: Setting CVar [[r.DOF.TemporalAAQuality:1                ; more stable temporal accumulation]]
[2020.07.10-15.24.46:065][  0]LogConfig: Setting CVar [[r.DOF.Kernel.MaxForegroundRadius:0.025]]
[2020.07.10-15.24.46:065][  0]LogConfig: Setting CVar [[r.DOF.Kernel.MaxBackgroundRadius:0.025]]
[2020.07.10-15.24.46:066][  0]LogConfig: Applying CVar settings from Section [TextureQuality@3] File [C:/Users/PC livio/Documents/GitHub/JamesSvillage/JamesSvillage/Saved/Config/Windows/Scalability.ini]
[2020.07.10-15.24.46:066][  0]LogConfig: Setting CVar [[r.Streaming.MipBias:0]]
[2020.07.10-15.24.46:066][  0]LogConfig: Setting CVar [[r.Streaming.AmortizeCPUToGPUCopy:0]]
[2020.07.10-15.24.46:066][  0]LogConfig: Setting CVar [[r.Streaming.MaxNumTexturesToStreamPerFrame:0]]
[2020.07.10-15.24.46:066][  0]LogConfig: Setting CVar [[r.Streaming.Boost:1]]
[2020.07.10-15.24.46:066][  0]LogConfig: Setting CVar [[r.MaxAnisotropy:8]]
[2020.07.10-15.24.46:066][  0]LogConfig: Setting CVar [[r.Streaming.LimitPoolSizeToVRAM:0]]
[2020.07.10-15.24.46:066][  0]LogConfig: Setting CVar [[r.Streaming.PoolSize:1000]]
[2020.07.10-15.24.46:066][  0]LogConfig: Setting CVar [[r.Streaming.MaxEffectiveScreenSize:0]]
[2020.07.10-15.24.46:066][  0]LogConfig: Applying CVar settings from Section [EffectsQuality@3] File [C:/Users/PC livio/Documents/GitHub/JamesSvillage/JamesSvillage/Saved/Config/Windows/Scalability.ini]
[2020.07.10-15.24.46:066][  0]LogConfig: Setting CVar [[r.TranslucencyLightingVolumeDim:64]]
[2020.07.10-15.24.46:066][  0]LogConfig: Setting CVar [[r.RefractionQuality:2]]
[2020.07.10-15.24.46:066][  0]LogConfig: Setting CVar [[r.SSR.Quality:3]]
[2020.07.10-15.24.46:066][  0]LogConfig: Setting CVar [[r.SceneColorFormat:4]]
[2020.07.10-15.24.46:066][  0]LogConfig: Setting CVar [[r.DetailMode:2]]
[2020.07.10-15.24.46:066][  0]LogConfig: Setting CVar [[r.TranslucencyVolumeBlur:1]]
[2020.07.10-15.24.46:066][  0]LogConfig: Setting CVar [[r.MaterialQualityLevel:1 ; High quality]]
[2020.07.10-15.24.46:066][  0]LogConfig: Setting CVar [[r.SSS.Scale:1]]
[2020.07.10-15.24.46:066][  0]LogConfig: Setting CVar [[r.SSS.SampleSet:2]]
[2020.07.10-15.24.46:066][  0]LogConfig: Setting CVar [[r.SSS.Quality:1]]
[2020.07.10-15.24.46:066][  0]LogConfig: Setting CVar [[r.SSS.HalfRes:1]]
[2020.07.10-15.24.46:066][  0]LogConfig: Setting CVar [[r.EmitterSpawnRateScale:1.0]]
[2020.07.10-15.24.46:066][  0]LogConfig: Setting CVar [[r.ParticleLightQuality:2]]
[2020.07.10-15.24.46:066][  0]LogConfig: Applying CVar settings from Section [FoliageQuality@3] File [C:/Users/PC livio/Documents/GitHub/JamesSvillage/JamesSvillage/Saved/Config/Windows/Scalability.ini]
[2020.07.10-15.24.46:066][  0]LogConfig: Setting CVar [[foliage.DensityScale:1.0]]
[2020.07.10-15.24.46:066][  0]LogConfig: Setting CVar [[grass.DensityScale:1.0]]
[2020.07.10-15.24.46:066][  0]LogInit: Selected Device Profile: [Windows]
[2020.07.10-15.24.46:066][  0]LogInit: Applying CVar settings loaded from the selected device profile: [Windows]
[2020.07.10-15.24.46:070][  0]LogHAL: Display: Platform has ~ 8 GB [8521285632 / 8589934592 / 8], which maps to Default [LargestMinGB=32, LargerMinGB=12, DefaultMinGB=8, SmallerMinGB=6, SmallestMinGB=0)
[2020.07.10-15.24.46:070][  0]LogInit: Going up to parent DeviceProfile []
[2020.07.10-15.24.46:070][  0]LogConfig: Applying CVar settings from Section [ViewDistanceQuality@3] File [C:/Users/PC livio/Documents/GitHub/JamesSvillage/JamesSvillage/Saved/Config/Windows/Scalability.ini]
[2020.07.10-15.24.46:070][  0]LogConfig: Setting CVar [[r.SkeletalMeshLODBias:0]]
[2020.07.10-15.24.46:070][  0]LogConfig: Setting CVar [[r.ViewDistanceScale:1.0]]
[2020.07.10-15.24.46:070][  0]LogConfig: Applying CVar settings from Section [AntiAliasingQuality@3] File [C:/Users/PC livio/Documents/GitHub/JamesSvillage/JamesSvillage/Saved/Config/Windows/Scalability.ini]
[2020.07.10-15.24.46:070][  0]LogConfig: Setting CVar [[r.PostProcessAAQuality:4]]
[2020.07.10-15.24.46:070][  0]LogConfig: Applying CVar settings from Section [ShadowQuality@3] File [C:/Users/PC livio/Documents/GitHub/JamesSvillage/JamesSvillage/Saved/Config/Windows/Scalability.ini]
[2020.07.10-15.24.46:070][  0]LogConfig: Setting CVar [[r.LightFunctionQuality:1]]
[2020.07.10-15.24.46:070][  0]LogConfig: Setting CVar [[r.ShadowQuality:5]]
[2020.07.10-15.24.46:070][  0]LogConfig: Setting CVar [[r.Shadow.CSM.MaxCascades:10]]
[2020.07.10-15.24.46:070][  0]LogConfig: Setting CVar [[r.Shadow.MaxResolution:2048]]
[2020.07.10-15.24.46:070][  0]LogConfig: Setting CVar [[r.Shadow.MaxCSMResolution:2048]]
[2020.07.10-15.24.46:070][  0]LogConfig: Setting CVar [[r.Shadow.RadiusThreshold:0.01]]
[2020.07.10-15.24.46:070][  0]LogConfig: Setting CVar [[r.Shadow.DistanceScale:1.0]]
[2020.07.10-15.24.46:070][  0]LogConfig: Setting CVar [[r.Shadow.CSM.TransitionScale:1.0]]
[2020.07.10-15.24.46:071][  0]LogConfig: Setting CVar [[r.Shadow.PreShadowResolutionFactor:1.0]]
[2020.07.10-15.24.46:071][  0]LogConfig: Setting CVar [[r.DistanceFieldShadowing:1]]
[2020.07.10-15.24.46:071][  0]LogConfig: Setting CVar [[r.DistanceFieldAO:1]]
[2020.07.10-15.24.46:071][  0]LogConfig: Setting CVar [[r.AOQuality:2]]
[2020.07.10-15.24.46:071][  0]LogConfig: Setting CVar [[r.VolumetricFog:1]]
[2020.07.10-15.24.46:071][  0]LogConfig: Setting CVar [[r.VolumetricFog.GridPixelSize:8]]
[2020.07.10-15.24.46:071][  0]LogConfig: Setting CVar [[r.VolumetricFog.GridSizeZ:128]]
[2020.07.10-15.24.46:071][  0]LogConfig: Setting CVar [[r.VolumetricFog.HistoryMissSupersampleCount:4]]
[2020.07.10-15.24.46:071][  0]LogConfig: Setting CVar [[r.LightMaxDrawDistanceScale:1]]
[2020.07.10-15.24.46:071][  0]LogConfig: Setting CVar [[r.CapsuleShadows:1]]
[2020.07.10-15.24.46:071][  0]LogConfig: Applying CVar settings from Section [PostProcessQuality@3] File [C:/Users/PC livio/Documents/GitHub/JamesSvillage/JamesSvillage/Saved/Config/Windows/Scalability.ini]
[2020.07.10-15.24.46:071][  0]LogConfig: Setting CVar [[r.MotionBlurQuality:4]]
[2020.07.10-15.24.46:071][  0]LogConfig: Setting CVar [[r.AmbientOcclusionMipLevelFactor:0.4]]
[2020.07.10-15.24.46:071][  0]LogConfig: Setting CVar [[r.AmbientOcclusionMaxQuality:100]]
[2020.07.10-15.24.46:071][  0]LogConfig: Setting CVar [[r.AmbientOcclusionLevels:-1]]
[2020.07.10-15.24.46:071][  0]LogConfig: Setting CVar [[r.AmbientOcclusionRadiusScale:1.0]]
[2020.07.10-15.24.46:071][  0]LogConfig: Setting CVar [[r.DepthOfFieldQuality:2]]
[2020.07.10-15.24.46:071][  0]LogConfig: Setting CVar [[r.RenderTargetPoolMin:400]]
[2020.07.10-15.24.46:071][  0]LogConfig: Setting CVar [[r.LensFlareQuality:2]]
[2020.07.10-15.24.46:071][  0]LogConfig: Setting CVar [[r.SceneColorFringeQuality:1]]
[2020.07.10-15.24.46:071][  0]LogConfig: Setting CVar [[r.EyeAdaptationQuality:2]]
[2020.07.10-15.24.46:071][  0]LogConfig: Setting CVar [[r.BloomQuality:5]]
[2020.07.10-15.24.46:071][  0]LogConfig: Setting CVar [[r.FastBlurThreshold:100]]
[2020.07.10-15.24.46:071][  0]LogConfig: Setting CVar [[r.Upscale.Quality:3]]
[2020.07.10-15.24.46:071][  0]LogConfig: Setting CVar [[r.Tonemapper.GrainQuantization:1]]
[2020.07.10-15.24.46:071][  0]LogConfig: Setting CVar [[r.LightShaftQuality:1]]
[2020.07.10-15.24.46:071][  0]LogConfig: Setting CVar [[r.Filter.SizeScale:1]]
[2020.07.10-15.24.46:071][  0]LogConfig: Setting CVar [[r.Tonemapper.Quality:5]]
[2020.07.10-15.24.46:071][  0]LogConfig: Setting CVar [[r.DOF.Gather.AccumulatorQuality:1        ; higher gathering accumulator quality]]
[2020.07.10-15.24.46:071][  0]LogConfig: Setting CVar [[r.DOF.Gather.PostfilterMethod:1          ; Median3x3 postfilering method]]
[2020.07.10-15.24.46:071][  0]LogConfig: Setting CVar [[r.DOF.Gather.EnableBokehSettings:0       ; no bokeh simulation when gathering]]
[2020.07.10-15.24.46:071][  0]LogConfig: Setting CVar [[r.DOF.Gather.RingCount:4                 ; medium number of samples when gathering]]
[2020.07.10-15.24.46:071][  0]LogConfig: Setting CVar [[r.DOF.Scatter.ForegroundCompositing:1    ; additive foreground scattering]]
[2020.07.10-15.24.46:071][  0]LogConfig: Setting CVar [[r.DOF.Scatter.BackgroundCompositing:2    ; additive background scattering]]
[2020.07.10-15.24.46:071][  0]LogConfig: Setting CVar [[r.DOF.Scatter.EnableBokehSettings:1      ; bokeh simulation when scattering]]
[2020.07.10-15.24.46:071][  0]LogConfig: Setting CVar [[r.DOF.Scatter.MaxSpriteRatio:0.1         ; only a maximum of 10% of scattered bokeh]]
[2020.07.10-15.24.46:071][  0]LogConfig: Setting CVar [[r.DOF.Recombine.Quality:1                ; cheap slight out of focus]]
[2020.07.10-15.24.46:071][  0]LogConfig: Setting CVar [[r.DOF.Recombine.EnableBokehSettings:0    ; no bokeh simulation on slight out of focus]]
[2020.07.10-15.24.46:071][  0]LogConfig: Setting CVar [[r.DOF.TemporalAAQuality:1                ; more stable temporal accumulation]]
[2020.07.10-15.24.46:071][  0]LogConfig: Setting CVar [[r.DOF.Kernel.MaxForegroundRadius:0.025]]
[2020.07.10-15.24.46:071][  0]LogConfig: Setting CVar [[r.DOF.Kernel.MaxBackgroundRadius:0.025]]
[2020.07.10-15.24.46:071][  0]LogConfig: Applying CVar settings from Section [TextureQuality@3] File [C:/Users/PC livio/Documents/GitHub/JamesSvillage/JamesSvillage/Saved/Config/Windows/Scalability.ini]
[2020.07.10-15.24.46:071][  0]LogConfig: Setting CVar [[r.Streaming.MipBias:0]]
[2020.07.10-15.24.46:071][  0]LogConfig: Setting CVar [[r.Streaming.AmortizeCPUToGPUCopy:0]]
[2020.07.10-15.24.46:072][  0]LogConfig: Setting CVar [[r.Streaming.MaxNumTexturesToStreamPerFrame:0]]
[2020.07.10-15.24.46:072][  0]LogConfig: Setting CVar [[r.Streaming.Boost:1]]
[2020.07.10-15.24.46:072][  0]LogConfig: Setting CVar [[r.MaxAnisotropy:8]]
[2020.07.10-15.24.46:072][  0]LogConfig: Setting CVar [[r.Streaming.LimitPoolSizeToVRAM:0]]
[2020.07.10-15.24.46:072][  0]LogConfig: Setting CVar [[r.Streaming.PoolSize:1000]]
[2020.07.10-15.24.46:072][  0]LogConfig: Setting CVar [[r.Streaming.MaxEffectiveScreenSize:0]]
[2020.07.10-15.24.46:072][  0]LogConfig: Applying CVar settings from Section [EffectsQuality@3] File [C:/Users/PC livio/Documents/GitHub/JamesSvillage/JamesSvillage/Saved/Config/Windows/Scalability.ini]
[2020.07.10-15.24.46:072][  0]LogConfig: Setting CVar [[r.TranslucencyLightingVolumeDim:64]]
[2020.07.10-15.24.46:072][  0]LogConfig: Setting CVar [[r.RefractionQuality:2]]
[2020.07.10-15.24.46:072][  0]LogConfig: Setting CVar [[r.SSR.Quality:3]]
[2020.07.10-15.24.46:072][  0]LogConfig: Setting CVar [[r.SceneColorFormat:4]]
[2020.07.10-15.24.46:072][  0]LogConfig: Setting CVar [[r.DetailMode:2]]
[2020.07.10-15.24.46:072][  0]LogConfig: Setting CVar [[r.TranslucencyVolumeBlur:1]]
[2020.07.10-15.24.46:072][  0]LogConfig: Setting CVar [[r.MaterialQualityLevel:1 ; High quality]]
[2020.07.10-15.24.46:072][  0]LogConfig: Setting CVar [[r.SSS.Scale:1]]
[2020.07.10-15.24.46:072][  0]LogConfig: Setting CVar [[r.SSS.SampleSet:2]]
[2020.07.10-15.24.46:072][  0]LogConfig: Setting CVar [[r.SSS.Quality:1]]
[2020.07.10-15.24.46:072][  0]LogConfig: Setting CVar [[r.SSS.HalfRes:1]]
[2020.07.10-15.24.46:072][  0]LogConfig: Setting CVar [[r.EmitterSpawnRateScale:1.0]]
[2020.07.10-15.24.46:072][  0]LogConfig: Setting CVar [[r.ParticleLightQuality:2]]
[2020.07.10-15.24.46:072][  0]LogConfig: Applying CVar settings from Section [FoliageQuality@3] File [C:/Users/PC livio/Documents/GitHub/JamesSvillage/JamesSvillage/Saved/Config/Windows/Scalability.ini]
[2020.07.10-15.24.46:072][  0]LogConfig: Setting CVar [[foliage.DensityScale:1.0]]
[2020.07.10-15.24.46:072][  0]LogConfig: Setting CVar [[grass.DensityScale:1.0]]
[2020.07.10-15.24.46:072][  0]LogConfig: Applying CVar settings from Section [Startup] File [../../../Engine/Config/ConsoleVariables.ini]
[2020.07.10-15.24.46:072][  0]LogConfig: Setting CVar [[net.UseAdaptiveNetUpdateFrequency:0]]
[2020.07.10-15.24.46:072][  0]LogConfig: Setting CVar [[p.chaos.AllowCreatePhysxBodies:1]]
[2020.07.10-15.24.46:072][  0]LogConfig: Applying CVar settings from Section [ConsoleVariables] File [C:/Users/PC livio/Documents/GitHub/JamesSvillage/JamesSvillage/Saved/Config/Windows/Engine.ini]
[2020.07.10-15.24.46:072][  0]LogInit: Computer: DESKTOP-4H4TTNE
[2020.07.10-15.24.46:073][  0]LogInit: User: Livio
[2020.07.10-15.24.46:073][  0]LogInit: CPU Page size=4096, Cores=4
[2020.07.10-15.24.46:073][  0]LogInit: High frequency timer resolution =10.000000 MHz
[2020.07.10-15.24.46:073][  0]LogMemory: Memory total: Physical=7.9GB (8GB approx)
[2020.07.10-15.24.46:073][  0]LogMemory: Platform Memory Stats for Windows
[2020.07.10-15.24.46:073][  0]LogMemory: Process Physical Memory: 101.27 MB used, 101.28 MB peak
[2020.07.10-15.24.46:073][  0]LogMemory: Process Virtual Memory: 100.00 MB used, 100.00 MB peak
[2020.07.10-15.24.46:073][  0]LogMemory: Physical Memory: 4784.59 MB used,  3341.94 MB free, 8126.53 MB total
[2020.07.10-15.24.46:073][  0]LogMemory: Virtual Memory: 4655.59 MB used,  134213072.00 MB free, 134217728.00 MB total
[2020.07.10-15.24.46:076][  0]LogWindows: WindowsPlatformFeatures enabled
[2020.07.10-15.24.46:103][  0]LogInit: Using OS detected language (fr-FR).
[2020.07.10-15.24.46:103][  0]LogInit: Using OS detected locale (fr-FR).
[2020.07.10-15.24.46:104][  0]LogTextLocalizationManager: No specific localization for 'fr-FR' exists, so the 'fr' localization will be used.
[2020.07.10-15.24.46:104][  0]LogTextLocalizationResource: LocRes '../../../Engine/Content/Localization/Editor/fr/Editor.locres' could not be opened for reading!
[2020.07.10-15.24.46:105][  0]LogTextLocalizationResource: LocRes '../../../Engine/Content/Localization/EditorTutorials/fr/EditorTutorials.locres' could not be opened for reading!
[2020.07.10-15.24.46:105][  0]LogTextLocalizationResource: LocRes '../../../Engine/Content/Localization/Keywords/fr/Keywords.locres' could not be opened for reading!
[2020.07.10-15.24.46:105][  0]LogTextLocalizationResource: LocRes '../../../Engine/Content/Localization/Category/fr/Category.locres' could not be opened for reading!
[2020.07.10-15.24.46:105][  0]LogTextLocalizationResource: LocRes '../../../Engine/Content/Localization/ToolTips/fr/ToolTips.locres' could not be opened for reading!
[2020.07.10-15.24.46:105][  0]LogTextLocalizationResource: LocRes '../../../Engine/Content/Localization/PropertyNames/fr/PropertyNames.locres' could not be opened for reading!
[2020.07.10-15.24.46:105][  0]LogTextLocalizationResource: LocRes '../../../Engine/Content/Localization/Engine/fr/Engine.locres' could not be opened for reading!
[2020.07.10-15.24.46:106][  0]LogInit: Setting process to per monitor DPI aware
[2020.07.10-15.24.46:145][  0]LogSlate: New Slate User Created.  User Index 0, Is Virtual User: 0
[2020.07.10-15.24.46:145][  0]LogSlate: Slate User Registered.  User Index 0, Is Virtual User: 0
[2020.07.10-15.24.46:363][  0]LogHMD: Failed to initialize OpenVR with code 110
[2020.07.10-15.24.46:363][  0]LogD3D11RHI: D3D11 adapters:
[2020.07.10-15.24.46:417][  0]LogD3D11RHI:    0. 'Radeon RX 570 Series' (Feature Level 11_0)
[2020.07.10-15.24.46:417][  0]LogD3D11RHI:       8171/0/4063 MB DedicatedVideo/DedicatedSystem/SharedSystem, Outputs:1, VendorId:0x1002
[2020.07.10-15.24.46:419][  0]LogD3D11RHI:    1. 'Microsoft Basic Render Driver' (Feature Level 11_0)
[2020.07.10-15.24.46:419][  0]LogD3D11RHI:       0/0/4063 MB DedicatedVideo/DedicatedSystem/SharedSystem, Outputs:0, VendorId:0x1414
[2020.07.10-15.24.46:420][  0]LogD3D11RHI: Chosen D3D11 Adapter: 0
[2020.07.10-15.24.46:428][  0]LogD3D11RHI: Creating new Direct3DDevice
[2020.07.10-15.24.46:428][  0]LogD3D11RHI:     GPU DeviceId: 0x67df (for the marketing name, search the web for "GPU Device Id")
[2020.07.10-15.24.46:428][  0]LogWindows: EnumDisplayDevices:
[2020.07.10-15.24.46:428][  0]LogWindows:    0. 'Radeon RX 570 Series' (P:1 D:1)
[2020.07.10-15.24.46:429][  0]LogWindows:    1. 'Radeon RX 570 Series' (P:0 D:0)
[2020.07.10-15.24.46:429][  0]LogWindows:    2. 'Radeon RX 570 Series' (P:0 D:0)
[2020.07.10-15.24.46:430][  0]LogWindows:    3. 'Radeon RX 570 Series' (P:0 D:0)
[2020.07.10-15.24.46:430][  0]LogWindows:    4. 'Radeon RX 570 Series' (P:0 D:0)
[2020.07.10-15.24.46:430][  0]LogWindows:    5. 'Radeon RX 570 Series' (P:0 D:0)
[2020.07.10-15.24.46:431][  0]LogWindows:    6. 'Radeon RX 570 Series' (P:0 D:0)
[2020.07.10-15.24.46:431][  0]LogWindows:    7. 'Radeon RX 570 Series' (P:0 D:0)
[2020.07.10-15.24.46:432][  0]LogWindows: DebugString: FoundDriverCount:8 
[2020.07.10-15.24.46:432][  0]LogD3D11RHI:     Adapter Name: Radeon RX 570 Series
[2020.07.10-15.24.46:432][  0]LogD3D11RHI:   Driver Version: Adrenalin 2020 20.5.1 (internal:27.20.1017.1011, unified:27.20.1017.1011)
[2020.07.10-15.24.46:432][  0]LogD3D11RHI:      Driver Date: 5-25-2020
[2020.07.10-15.24.46:432][  0]LogRHI: Texture pool is 5720 MB (70% of 8171 MB)
[2020.07.10-15.24.46:508][  0]LogD3D11RHI: Async texture creation enabled
[2020.07.10-15.24.46:522][  0]LogD3D11RHI: GPU Timing Frequency: 25.000000 (Debug: 2 1)
[2020.07.10-15.24.46:523][  0]LogD3D11RHI: HDR output is supported on display 0 (AMD Device: 0x0, Display: 0x0).
[2020.07.10-15.24.46:960][  0]LogTemp: Display: Module 'AllDesktopTargetPlatform' loaded TargetPlatform 'AllDesktop'
[2020.07.10-15.24.46:973][  0]LogTemp: Display: Module 'MacClientTargetPlatform' loaded TargetPlatform 'MacClient'
[2020.07.10-15.24.46:985][  0]LogTemp: Display: Module 'MacNoEditorTargetPlatform' loaded TargetPlatform 'MacNoEditor'
[2020.07.10-15.24.46:997][  0]LogTemp: Display: Module 'MacServerTargetPlatform' loaded TargetPlatform 'MacServer'
[2020.07.10-15.24.47:010][  0]LogTemp: Display: Module 'MacTargetPlatform' loaded TargetPlatform 'Mac'
[2020.07.10-15.24.47:022][  0]LogTemp: Display: Module 'WindowsClientTargetPlatform' loaded TargetPlatform 'WindowsClient'
[2020.07.10-15.24.47:034][  0]LogTemp: Display: Module 'WindowsNoEditorTargetPlatform' loaded TargetPlatform 'WindowsNoEditor'
[2020.07.10-15.24.47:047][  0]LogTemp: Display: Module 'WindowsServerTargetPlatform' loaded TargetPlatform 'WindowsServer'
[2020.07.10-15.24.47:053][  0]LogTemp: Display: Module 'WindowsTargetPlatform' loaded TargetPlatform 'Windows'
[2020.07.10-15.24.47:098][  0]LogTemp: Display: Module 'AndroidTargetPlatform' loaded TargetPlatform 'Android'
[2020.07.10-15.24.47:098][  0]LogTemp: Display: Module 'AndroidTargetPlatform' loaded TargetPlatform 'Android_ASTC'
[2020.07.10-15.24.47:098][  0]LogTemp: Display: Module 'AndroidTargetPlatform' loaded TargetPlatform 'Android_ATC'
[2020.07.10-15.24.47:098][  0]LogTemp: Display: Module 'AndroidTargetPlatform' loaded TargetPlatform 'Android_DXT'
[2020.07.10-15.24.47:098][  0]LogTemp: Display: Module 'AndroidTargetPlatform' loaded TargetPlatform 'Android_ETC1'
[2020.07.10-15.24.47:098][  0]LogTemp: Display: Module 'AndroidTargetPlatform' loaded TargetPlatform 'Android_ETC1a'
[2020.07.10-15.24.47:098][  0]LogTemp: Display: Module 'AndroidTargetPlatform' loaded TargetPlatform 'Android_ETC2'
[2020.07.10-15.24.47:098][  0]LogTemp: Display: Module 'AndroidTargetPlatform' loaded TargetPlatform 'Android_PVRTC'
[2020.07.10-15.24.47:098][  0]LogTemp: Display: Module 'AndroidTargetPlatform' loaded TargetPlatform 'AndroidClient'
[2020.07.10-15.24.47:098][  0]LogTemp: Display: Module 'AndroidTargetPlatform' loaded TargetPlatform 'Android_ASTCClient'
[2020.07.10-15.24.47:098][  0]LogTemp: Display: Module 'AndroidTargetPlatform' loaded TargetPlatform 'Android_ATCClient'
[2020.07.10-15.24.47:098][  0]LogTemp: Display: Module 'AndroidTargetPlatform' loaded TargetPlatform 'Android_DXTClient'
[2020.07.10-15.24.47:098][  0]LogTemp: Display: Module 'AndroidTargetPlatform' loaded TargetPlatform 'Android_ETC1Client'
[2020.07.10-15.24.47:098][  0]LogTemp: Display: Module 'AndroidTargetPlatform' loaded TargetPlatform 'Android_ETC1aClient'
[2020.07.10-15.24.47:098][  0]LogTemp: Display: Module 'AndroidTargetPlatform' loaded TargetPlatform 'Android_ETC2Client'
[2020.07.10-15.24.47:098][  0]LogTemp: Display: Module 'AndroidTargetPlatform' loaded TargetPlatform 'Android_PVRTCClient'
[2020.07.10-15.24.47:098][  0]LogTemp: Display: Module 'AndroidTargetPlatform' loaded TargetPlatform 'Android_Multi'
[2020.07.10-15.24.47:098][  0]LogTemp: Display: Module 'AndroidTargetPlatform' loaded TargetPlatform 'Android_MultiClient'
[2020.07.10-15.24.47:100][  0]LogTemp: Display: Module 'HTML5TargetPlatform' loaded TargetPlatform 'HTML5'
[2020.07.10-15.24.47:124][  0]LogTemp: Display: Module 'IOSTargetPlatform' loaded TargetPlatform 'IOSClient'
[2020.07.10-15.24.47:124][  0]LogTemp: Display: Module 'IOSTargetPlatform' loaded TargetPlatform 'IOS'
[2020.07.10-15.24.47:144][  0]LogTemp: Display: Module 'TVOSTargetPlatform' loaded TargetPlatform 'TVOSClient'
[2020.07.10-15.24.47:144][  0]LogTemp: Display: Module 'TVOSTargetPlatform' loaded TargetPlatform 'TVOS'
[2020.07.10-15.24.47:153][  0]LogTemp: Display: Module 'LinuxClientTargetPlatform' loaded TargetPlatform 'LinuxClient'
[2020.07.10-15.24.47:163][  0]LogTemp: Display: Module 'LinuxNoEditorTargetPlatform' loaded TargetPlatform 'LinuxNoEditor'
[2020.07.10-15.24.47:172][  0]LogTemp: Display: Module 'LinuxServerTargetPlatform' loaded TargetPlatform 'LinuxServer'
[2020.07.10-15.24.47:183][  0]LogTemp: Display: Module 'LinuxTargetPlatform' loaded TargetPlatform 'Linux'
[2020.07.10-15.24.47:216][  0]LogTemp: Display: Module 'LuminTargetPlatform' loaded TargetPlatform 'Lumin'
[2020.07.10-15.24.47:216][  0]LogTemp: Display: Module 'LuminTargetPlatform' loaded TargetPlatform 'LuminClient'
[2020.07.10-15.24.47:216][  0]LogTargetPlatformManager: Display: Building Assets For Windows
[2020.07.10-15.24.47:228][  0]LogAudioDebug: Display: Lib vorbis DLL was dynamically loaded.
[2020.07.10-15.24.47:300][  0]LogShaderCompilers: Guid format shader working directory is -13 characters bigger than the processId version (C:/Users/PC livio/Documents/GitHub/JamesSvillage/JamesSvillage/Intermediate/Shaders/WorkingDirectory/9772/).
[2020.07.10-15.24.47:300][  0]LogShaderCompilers: Cleaned the shader compiler working directory 'C:/Users/PC livio/AppData/Local/Temp/UnrealShaderWorkingDir/3560DA6A4B671B88CA701A9F3C0647BD/'.
[2020.07.10-15.24.47:304][  0]LogXGEController: Cannot use XGE Controller as Incredibuild is not installed on this machine.
[2020.07.10-15.24.47:304][  0]LogShaderCompilers: Cannot use XGE Shader Compiler as Incredibuild is not installed on this machine.
[2020.07.10-15.24.47:304][  0]LogShaderCompilers: Display: Using Local Shader Compiler.
[2020.07.10-15.24.48:100][  0]LogDerivedDataCache: Display: Max Cache Size: 512 MB
[2020.07.10-15.24.48:161][  0]LogDerivedDataCache: Loaded boot cache 0.06s 73MB C:/Users/PC livio/AppData/Local/UnrealEngine/4.23/DerivedDataCache/Boot.ddc.
[2020.07.10-15.24.48:161][  0]LogDerivedDataCache: Display: Loaded Boot cache: C:/Users/PC livio/AppData/Local/UnrealEngine/4.23/DerivedDataCache/Boot.ddc
[2020.07.10-15.24.48:161][  0]LogDerivedDataCache: FDerivedDataBackendGraph:  Pak pak cache file C:/Users/PC livio/Documents/GitHub/JamesSvillage/JamesSvillage/DerivedDataCache/DDC.ddp not found, will not use a pak cache.
[2020.07.10-15.24.48:161][  0]LogDerivedDataCache: Unable to find inner node Pak for hierarchical cache Hierarchy.
[2020.07.10-15.24.48:161][  0]LogDerivedDataCache: FDerivedDataBackendGraph:  CompressedPak pak cache file C:/Users/PC livio/Documents/GitHub/JamesSvillage/JamesSvillage/DerivedDataCache/Compressed.ddp not found, will not use a pak cache.
[2020.07.10-15.24.48:161][  0]LogDerivedDataCache: Unable to find inner node CompressedPak for hierarchical cache Hierarchy.
[2020.07.10-15.24.48:178][  0]LogDerivedDataCache: Display: Pak cache opened for reading ../../../Engine/DerivedDataCache/Compressed.ddp.
[2020.07.10-15.24.48:178][  0]LogDerivedDataCache: FDerivedDataBackendGraph:  EnterprisePak pak cache file ../../../Enterprise/DerivedDataCache/Compressed.ddp not found, will not use a pak cache.
[2020.07.10-15.24.48:178][  0]LogDerivedDataCache: Unable to find inner node EnterprisePak for hierarchical cache Hierarchy.
[2020.07.10-15.24.48:179][  0]LogDerivedDataCache: Using Local data cache path C:/Users/PC livio/AppData/Local/UnrealEngine/Common/DerivedDataCache: Writable
[2020.07.10-15.24.48:179][  0]LogDerivedDataCache: Shared data cache path not found in *engine.ini, will not use an Shared cache.
[2020.07.10-15.24.48:179][  0]LogDerivedDataCache: Unable to find inner node Shared for hierarchical cache Hierarchy.
[2020.07.10-15.24.48:206][  0]LogMaterial: Verifying Global Shaders for PCD3D_SM5
[2020.07.10-15.24.48:210][  0]LogSlate: Using FreeType 2.6.0
[2020.07.10-15.24.48:211][  0]LogSlate: SlateFontServices - WITH_FREETYPE: 1, WITH_HARFBUZZ: 1
[2020.07.10-15.24.48:275][  0]LogAssetRegistry: FAssetRegistry took 0.0032 seconds to start up
[2020.07.10-15.24.48:635][  0]LogInit: Selected Device Profile: [Windows]
[2020.07.10-15.24.48:820][  0]LogMeshReduction: Using QuadricMeshReduction for automatic static mesh reduction
[2020.07.10-15.24.48:820][  0]LogMeshReduction: Using SimplygonMeshReduction for automatic skeletal mesh reduction
[2020.07.10-15.24.48:820][  0]LogMeshReduction: Using ProxyLODMeshReduction for automatic mesh merging
[2020.07.10-15.24.48:820][  0]LogMeshReduction: No distributed automatic mesh merging module available
[2020.07.10-15.24.48:820][  0]LogMeshMerging: No distributed automatic mesh merging module available
[2020.07.10-15.24.48:832][  0]LogNetVersion: JamesSvillage 1.0.0, NetCL: 8386587, EngineNetVer: 11, GameNetVer: 0 (Checksum: 3278238334)
[2020.07.10-15.24.49:396][  0]LogPackageLocalizationCache: Processed 12 localized package path(s) for 1 prioritized culture(s) in 0.075542 seconds
[2020.07.10-15.24.49:408][  0]LogUObjectArray: 43445 objects as part of root set at end of initial load.
[2020.07.10-15.24.49:408][  0]LogUObjectAllocator: 7548872 out of 0 bytes used by permanent object pool.
[2020.07.10-15.24.49:408][  0]LogUObjectArray: CloseDisregardForGC: 0/0 objects in disregard for GC pool
[2020.07.10-15.24.50:501][  0]LogTcpMessaging: Initializing TcpMessaging bridge
[2020.07.10-15.24.50:504][  0]LogUdpMessaging: Initializing bridge on interface 0.0.0.0:0 to multicast group 230.0.0.1:6666.
[2020.07.10-15.24.50:578][  0]SourceControl: Source control is disabled
[2020.07.10-15.24.50:578][  0]SourceControl: Source control is disabled
[2020.07.10-15.24.50:579][  0]SourceControl: Source control is disabled
[2020.07.10-15.24.50:581][  0]SourceControl: Source control is disabled
[2020.07.10-15.24.50:696][  0]LogAndroidPermission: UAndroidPermissionCallbackProxy::GetInstance
[2020.07.10-15.24.51:071][  0]LogOcInput: OculusInput pre-init called
[2020.07.10-15.24.51:079][  0]LogWindows: Failed to load 'OVRPlugin.dll' (GetLastError=126)
[2020.07.10-15.24.51:079][  0]LogWindows: File 'OVRPlugin.dll' does not exist
[2020.07.10-15.24.51:175][  0]LogEngine: Initializing Engine...
[2020.07.10-15.24.51:176][  0]LogHMD: Failed to initialize OpenVR with code 110
[2020.07.10-15.24.51:178][  0]LogStats: UGameplayTagsManager::InitializeManager -  0.000 s
[2020.07.10-15.24.51:484][  0]LogInit: Initializing FReadOnlyCVARCache
[2020.07.10-15.24.51:509][  0]LogAIModule: Creating AISystem for world Untitled
[2020.07.10-15.24.51:597][  0]LogInit: XAudio2 using 'Haut-parleurs (2- USB PnP Audio Device)' : 2 channels at 48 kHz using 16 bits per sample (channel mask 0x3)
[2020.07.10-15.24.51:621][  0]LogInit: FAudioDevice initialized.
[2020.07.10-15.24.51:622][  0]LogNetVersion: Set ProjectVersion to 1.0.0.0. Version Checksum will be recalculated on next use.
[2020.07.10-15.24.51:725][  0]LogDerivedDataCache: Saved boot cache 0.10s 73MB C:/Users/PC livio/AppData/Local/UnrealEngine/4.23/DerivedDataCache/Boot.ddc.
[2020.07.10-15.24.51:731][  0]LogInit: Texture streaming: Enabled
[2020.07.10-15.24.51:759][  0]LogEngineSessionManager: EngineSessionManager initialized
[2020.07.10-15.24.51:759][  0]LogEditorSessionSummary: Verbose: Initializing EditorSessionSummaryWriter for editor session tracking
[2020.07.10-15.24.51:760][  0]LogEditorSessionSummary: EditorSessionSummaryWriter initialized
[2020.07.10-15.24.51:841][  0]LogInit: Transaction tracking system initialized
[2020.07.10-15.24.51:889][  0]BlueprintLog: New page: Editor Load
[2020.07.10-15.24.52:011][  0]LocalizationService: Localization service is disabled
[2020.07.10-15.24.52:329][  0]LogFileCache: Scanning file cache for directory 'C:/Users/PC livio/Documents/GitHub/JamesSvillage/JamesSvillage/Content/' took 0.00s
[2020.07.10-15.24.52:329][  0]LogCook: Display: Max memory allowance for cook 16384mb min free memory 0mb
[2020.07.10-15.24.52:329][  0]LogCook: Display: Mobile HDR setting 1
[2020.07.10-15.24.52:574][  0]SourceControl: Source control is disabled
[2020.07.10-15.24.52:574][  0]Cmd: MAP LOAD FILE="C:/Users/PC livio/Documents/GitHub/JamesSvillage/JamesSvillage/Content/MainMap.umap" TEMPLATE=0 SHOWPROGRESS=1 FEATURELEVEL=3
[2020.07.10-15.24.52:574][  0]LogEditorServer: Warning: Can't find file 'C:/Users/PC livio/Documents/GitHub/JamesSvillage/JamesSvillage/Content/MainMap.umap'
[2020.07.10-15.24.52:574][  0]Cmd: MAP CHECKDEP NOCLEARLOG
[2020.07.10-15.24.52:574][  0]MapCheck: Map check complete: 0 Error(s), 0 Warning(s), took 0,179ms to complete.
[2020.07.10-15.24.52:574][  0]LogFileHelpers: Loading map 'MainMap' took 0.001
[2020.07.10-15.24.52:643][  0]LogSlate: Updating window title bar state: overlay mode, drag disabled, window buttons hidden, title bar hidden
[2020.07.10-15.24.52:652][  0]LogSlate: Updating window title bar state: overlay mode, drag disabled, window buttons hidden, title bar hidden
[2020.07.10-15.24.52:661][  0]LogSlate: Updating window title bar state: overlay mode, drag disabled, window buttons hidden, title bar hidden
[2020.07.10-15.24.52:669][  0]LogSlate: Updating window title bar state: overlay mode, drag disabled, window buttons hidden, title bar hidden
[2020.07.10-15.24.52:678][  0]LogCollectionManager: Loaded 0 collections in 0.002638 seconds
[2020.07.10-15.24.52:687][  0]LogFileCache: Scanning file cache for directory 'C:/Users/PC livio/Documents/GitHub/JamesSvillage/JamesSvillage/Saved/Collections/' took 0.00s
[2020.07.10-15.24.52:687][  0]LogFileCache: Scanning file cache for directory 'C:/Users/PC livio/Documents/GitHub/JamesSvillage/JamesSvillage/Content/Developers/Livio/Collections/' took 0.00s
[2020.07.10-15.24.52:687][  0]LogFileCache: Scanning file cache for directory 'C:/Users/PC livio/Documents/GitHub/JamesSvillage/JamesSvillage/Content/Collections/' took 0.00s
[2020.07.10-15.24.52:687][  0]LogCollectionManager: Rebuilt the GUID cache for 0 collections in 0.000002 seconds
[2020.07.10-15.24.52:698][  0]LogContentBrowser: Native class hierarchy populated in 0.0105 seconds. Added 2863 classes and 680 folders.
[2020.07.10-15.24.52:707][  0]LogContentBrowser: Native class hierarchy updated for 'WidgetCarousel' in 0.0003 seconds. Added 0 classes and 0 folders.
[2020.07.10-15.24.52:757][  0]LogContentBrowser: Native class hierarchy updated for 'AddContentDialog' in 0.0003 seconds. Added 0 classes and 0 folders.
[2020.07.10-15.24.52:764][  0]LogContentBrowser: Native class hierarchy updated for 'SceneOutliner' in 0.0003 seconds. Added 1 classes and 2 folders.
[2020.07.10-15.24.52:779][  0]LogSlate: Took 0.000230 seconds to synchronously load lazily loaded font '../../../Engine/Content/Slate/Fonts/Roboto-Regular.ttf' (155K)
[2020.07.10-15.24.52:783][  0]LogSlate: Took 0.000251 seconds to synchronously load lazily loaded font '../../../Engine/Content/Slate/Fonts/Roboto-Bold.ttf' (160K)
[2020.07.10-15.24.52:788][  0]LogSlate: Took 0.000228 seconds to synchronously load lazily loaded font '../../../Engine/Content/Editor/Slate/Fonts/FontAwesome.ttf' (139K)
[2020.07.10-15.24.52:864][  0]LogRenderer: Reallocating scene render targets to support 1616x816 Format 10 NumSamples 1 (Frame:1).
[2020.07.10-15.24.53:043][  0]LogContentBrowser: Native class hierarchy updated for 'HierarchicalLODOutliner' in 0.0003 seconds. Added 0 classes and 0 folders.
[2020.07.10-15.24.53:044][  0]LogLoad: (Engine Initialization) Total time: 8.67 seconds
[2020.07.10-15.24.53:044][  0]LogLoad: (Engine Initialization) Total Blueprint compile time: 0.00 seconds
[2020.07.10-15.24.53:054][  0]LogSlate: FSceneViewport::OnFocusLost() reason 0
[2020.07.10-15.24.53:097][  0]LogAssetRegistry: Asset discovery search completed in 4.8221 seconds
[2020.07.10-15.24.53:101][  0]LogCollectionManager: Rebuilt the object cache for 0 collections in 0.000007 seconds (found 0 objects)
[2020.07.10-15.24.53:101][  0]LogCollectionManager: Fixed up redirectors for 0 collections in 0.000092 seconds (updated 0 objects)
[2020.07.10-15.24.53:101][  0]LogContentStreaming: Texture pool size now 1000 MB
[2020.07.10-15.24.54:104][108]LogSlate: Took 0.027262 seconds to synchronously load lazily loaded font '../../../Engine/Content/Slate/Fonts/Roboto-Light.ttf' (167K)
[2020.07.10-15.24.57:704][475]LogAIModule: Creating AISystem for world MainMap
[2020.07.10-15.24.57:715][475]LogObjectTools: Deleting 1 worlds: /Game/Maps/MainMap.MainMap
[2020.07.10-15.24.57:715][475]LogObjectTools: Currently 1 active worlds: /Temp/Untitled_0.Untitled
[2020.07.10-15.24.57:747][475]LogUObjectHash: Compacting FUObjectHashTables data took   2.87ms
[2020.07.10-15.24.58:899][475]LogSlate: Window 'Delete Assets' being destroyed
[2020.07.10-15.24.59:238][475]LogUObjectHash: Compacting FUObjectHashTables data took   2.31ms
[2020.07.10-15.24.59:269][475]LogUObjectHash: Compacting FUObjectHashTables data took   0.83ms
[2020.07.10-15.24.59:310][475]LogUObjectHash: Compacting FUObjectHashTables data took   2.00ms
[2020.07.10-15.24.59:339][475]LogUObjectHash: Compacting FUObjectHashTables data took   0.79ms
[2020.07.10-15.25.02:909][731]LogSlate: Window 'New Level' being destroyed
[2020.07.10-15.25.02:922][731]Cmd: MAP LOAD FILE="../../../Engine/Content/Maps/Templates/Template_Default.umap" TEMPLATE=1 SHOWPROGRESS=1 FEATURELEVEL=3
[2020.07.10-15.25.02:961][731]LightingResults: New page: Lighting Build
[2020.07.10-15.25.02:966][731]LogContentBrowser: Native class hierarchy updated for 'StatsViewer' in 0.0003 seconds. Added 5 classes and 0 folders.
[2020.07.10-15.25.02:967][731]LoadErrors: New page: Loading map: Template_Default.umap
[2020.07.10-15.25.02:985][731]LogWorld: UWorld::CleanupWorld for Untitled, bSessionEnded=true, bCleanupResources=true
[2020.07.10-15.25.02:985][731]MapCheck: New page: Map Check
[2020.07.10-15.25.02:985][731]LightingResults: New page: Lighting Build
[2020.07.10-15.25.03:020][731]LogUObjectHash: Compacting FUObjectHashTables data took   1.99ms
[2020.07.10-15.25.03:042][731]LogAIModule: Creating AISystem for world Untitled_1
[2020.07.10-15.25.03:062][731]LogEditorServer: Finished looking for orphan Actors (0.000 secs)
[2020.07.10-15.25.03:097][731]LogUObjectHash: Compacting FUObjectHashTables data took   1.90ms
[2020.07.10-15.25.03:119][731]Cmd: MAP CHECKDEP NOCLEARLOG
[2020.07.10-15.25.03:120][731]MapCheck: Map check complete: 0 Error(s), 0 Warning(s), took 0,264ms to complete.
[2020.07.10-15.25.03:120][731]LogFileHelpers: Loading map 'Template_Default' took 0.200
[2020.07.10-15.25.04:332][841]LogSlate: Took 0.000314 seconds to synchronously load lazily loaded font '../../../Engine/Content/Slate/Fonts/Roboto-Light.ttf' (167K)
[2020.07.10-15.25.22:439][841]LogSlate: Window 'Save Level As' being destroyed
[2020.07.10-15.25.22:551][841]LogUObjectHash: Compacting FUObjectHashTables data took   2.14ms
[2020.07.10-15.25.22:554][841]Cmd: OBJ SAVEPACKAGE PACKAGE="/Game/Maps/MainMap" FILE="C:/Users/PC livio/Documents/GitHub/JamesSvillage/JamesSvillage/Content/Maps/MainMap.umap" SILENT=true AUTOSAVING=false KEEPDIRTY=false
[2020.07.10-15.25.22:590][841]LogUObjectHash: Compacting FUObjectHashTables data took   1.39ms
[2020.07.10-15.25.22:730][841]LogSavePackage: Moving 'C:/Users/PC livio/Documents/GitHub/JamesSvillage/JamesSvillage/Saved/MainMap83013E194B46A248F5436B8E2DB3737F.tmp' to 'C:/Users/PC livio/Documents/GitHub/JamesSvillage/JamesSvillage/Content/Maps/MainMap.umap'
[2020.07.10-15.25.22:778][841]Cmd: OBJ SAVEPACKAGE PACKAGE="/Game/Maps/MainMap_BuiltData" FILE="C:/Users/PC livio/Documents/GitHub/JamesSvillage/JamesSvillage/Content/Maps/MainMap_BuiltData.uasset" SILENT=true
[2020.07.10-15.25.22:800][841]LogSavePackage: Moving 'C:/Users/PC livio/Documents/GitHub/JamesSvillage/JamesSvillage/Saved/MainMap_BuiltDataBC8B5EEE4B8087779BF6058170A138CD.tmp' to 'C:/Users/PC livio/Documents/GitHub/JamesSvillage/JamesSvillage/Content/Maps/MainMap_BuiltData.uasset'
[2020.07.10-15.25.22:813][841]LogFileHelpers: Saving map 'MainMap' took 0.347
[2020.07.10-15.25.26:676][225]LogTemp: Repeating last play command: New Editor Window (PIE)
[2020.07.10-15.25.26:701][225]LogBlueprintUserMessages: Early PlayInEditor Detection: Level '/Game/Maps/MainMap.MainMap:PersistentLevel' has LevelScriptBlueprint '/Game/Maps/MainMap.MainMap:PersistentLevel.MainMap' with GeneratedClass '/Game/Maps/MainMap.MainMap_C' with ClassGeneratedBy '/Game/Maps/MainMap.MainMap:PersistentLevel.MainMap'
[2020.07.10-15.25.26:701][225]LogPlayLevel: PlayLevel: No blueprints needed recompiling
[2020.07.10-15.25.26:719][225]PIE: New page: PIE session: MainMap (10 juil. 2020 19:25:26)
[2020.07.10-15.25.26:720][225]LogOnline: OSS: Creating online subsystem instance for: NULL
[2020.07.10-15.25.26:721][225]LogPlayLevel: Creating play world package: /Game/Maps/UEDPIE_0_MainMap
[2020.07.10-15.25.26:725][225]LogPlayLevel: PIE: StaticDuplicateObject took: (0.003608s)
[2020.07.10-15.25.26:726][225]LogAIModule: Creating AISystem for world MainMap
[2020.07.10-15.25.26:727][225]LogPlayLevel: PIE: World Init took: (0.001356s)
[2020.07.10-15.25.26:727][225]LogPlayLevel: PIE: Created PIE world by copying editor world from /Game/Maps/MainMap.MainMap to /Game/Maps/UEDPIE_0_MainMap.MainMap (0.005315s)
[2020.07.10-15.25.26:760][225]LogUObjectHash: Compacting FUObjectHashTables data took   2.53ms
[2020.07.10-15.25.26:828][225]LogInit: XAudio2 using 'Haut-parleurs (2- USB PnP Audio Device)' : 2 channels at 48 kHz using 16 bits per sample (channel mask 0x3)
[2020.07.10-15.25.26:845][225]LogInit: FAudioDevice initialized.
[2020.07.10-15.25.26:854][225]LogSlate: Updating window title bar state: overlay mode, drag disabled, window buttons hidden, title bar hidden
[2020.07.10-15.25.26:856][225]LogLoad: Game class is 'GameModeBase'
[2020.07.10-15.25.26:858][225]LogWorld: Bringing World /Game/Maps/UEDPIE_0_MainMap.MainMap up for play (max tick rate 0) at 2020.07.10-17.25.26
[2020.07.10-15.25.26:858][225]LogWorld: Bringing up level for play took: 0.001011
[2020.07.10-15.25.26:858][225]LogOnline: OSS: Creating online subsystem instance for: :Context_1
[2020.07.10-15.25.27:561][225]LogContentBrowser: Native class hierarchy updated for 'MovieSceneCapture' in 0.0004 seconds. Added 20 classes and 0 folders.
[2020.07.10-15.25.27:566][225]PIE: Play in editor start time for /Game/Maps/UEDPIE_0_MainMap 1,074
[2020.07.10-15.25.27:567][225]LogBlueprintUserMessages: Late PlayInEditor Detection: Level '/Game/Maps/MainMap.MainMap:PersistentLevel' has LevelScriptBlueprint '/Game/Maps/MainMap.MainMap:PersistentLevel.MainMap' with GeneratedClass '/Game/Maps/MainMap.MainMap_C' with ClassGeneratedBy '/Game/Maps/MainMap.MainMap:PersistentLevel.MainMap'
[2020.07.10-15.25.28:343][226]LogBlueprintUserMessages: Early EndPlayMap Detection: Level '/Game/Maps/MainMap.MainMap:PersistentLevel' has LevelScriptBlueprint '/Game/Maps/MainMap.MainMap:PersistentLevel.MainMap' with GeneratedClass '/Game/Maps/MainMap.MainMap_C' with ClassGeneratedBy '/Game/Maps/MainMap.MainMap:PersistentLevel.MainMap'
[2020.07.10-15.25.28:343][226]LogSlate: Updating window title bar state: overlay mode, drag disabled, window buttons hidden, title bar hidden
[2020.07.10-15.25.28:343][226]LogWorld: BeginTearingDown for /Game/Maps/UEDPIE_0_MainMap
[2020.07.10-15.25.28:363][226]LogSlate: Window 'JamesSvillage Game Preview Standalone (64-bit/PCD3D_SM5)' being destroyed
[2020.07.10-15.25.28:384][226]LogWorld: UWorld::CleanupWorld for MainMap, bSessionEnded=true, bCleanupResources=true
[2020.07.10-15.25.28:395][226]LogPlayLevel: Display: Shutting down PIE online subsystems
[2020.07.10-15.25.28:395][226]LogBlueprintUserMessages: Late EndPlayMap Detection: Level '/Game/Maps/MainMap.MainMap:PersistentLevel' has LevelScriptBlueprint '/Game/Maps/MainMap.MainMap:PersistentLevel.MainMap' with GeneratedClass '/Game/Maps/MainMap.MainMap_C' with ClassGeneratedBy '/Game/Maps/MainMap.MainMap:PersistentLevel.MainMap'
[2020.07.10-15.25.28:438][226]LogUObjectHash: Compacting FUObjectHashTables data took   2.11ms
[2020.07.10-15.25.28:469][227]LogPlayLevel: Display: Destroying online subsystem :Context_1
[2020.07.10-15.25.29:552][334]LogTemp: Repeating last play command: New Editor Window (PIE)
[2020.07.10-15.25.29:573][334]LogBlueprintUserMessages: Early PlayInEditor Detection: Level '/Game/Maps/MainMap.MainMap:PersistentLevel' has LevelScriptBlueprint '/Game/Maps/MainMap.MainMap:PersistentLevel.MainMap' with GeneratedClass '/Game/Maps/MainMap.MainMap_C' with ClassGeneratedBy '/Game/Maps/MainMap.MainMap:PersistentLevel.MainMap'
[2020.07.10-15.25.29:573][334]LogPlayLevel: PlayLevel: No blueprints needed recompiling
[2020.07.10-15.25.29:574][334]PIE: New page: PIE session: MainMap (10 juil. 2020 19:25:29)
[2020.07.10-15.25.29:574][334]LogPlayLevel: Creating play world package: /Game/Maps/UEDPIE_0_MainMap
[2020.07.10-15.25.29:577][334]LogPlayLevel: PIE: StaticDuplicateObject took: (0.003197s)
[2020.07.10-15.25.29:578][334]LogAIModule: Creating AISystem for world MainMap
[2020.07.10-15.25.29:579][334]LogPlayLevel: PIE: World Init took: (0.001606s)
[2020.07.10-15.25.29:579][334]LogPlayLevel: PIE: Created PIE world by copying editor world from /Game/Maps/MainMap.MainMap to /Game/Maps/UEDPIE_0_MainMap.MainMap (0.004992s)
[2020.07.10-15.25.29:609][334]LogUObjectHash: Compacting FUObjectHashTables data took   1.69ms
[2020.07.10-15.25.29:678][334]LogInit: XAudio2 using 'Haut-parleurs (2- USB PnP Audio Device)' : 2 channels at 48 kHz using 16 bits per sample (channel mask 0x3)
[2020.07.10-15.25.29:695][334]LogInit: FAudioDevice initialized.
[2020.07.10-15.25.29:705][334]LogSlate: Updating window title bar state: overlay mode, drag disabled, window buttons hidden, title bar hidden
[2020.07.10-15.25.29:705][334]LogLoad: Game class is 'GameModeBase'
[2020.07.10-15.25.29:707][334]LogWorld: Bringing World /Game/Maps/UEDPIE_0_MainMap.MainMap up for play (max tick rate 0) at 2020.07.10-17.25.29
[2020.07.10-15.25.29:707][334]LogWorld: Bringing up level for play took: 0.001076
[2020.07.10-15.25.29:707][334]LogOnline: OSS: Creating online subsystem instance for: :Context_2
[2020.07.10-15.25.29:712][334]PIE: Play in editor start time for /Game/Maps/UEDPIE_0_MainMap -0,781
[2020.07.10-15.25.29:713][334]LogBlueprintUserMessages: Late PlayInEditor Detection: Level '/Game/Maps/MainMap.MainMap:PersistentLevel' has LevelScriptBlueprint '/Game/Maps/MainMap.MainMap:PersistentLevel.MainMap' with GeneratedClass '/Game/Maps/MainMap.MainMap_C' with ClassGeneratedBy '/Game/Maps/MainMap.MainMap:PersistentLevel.MainMap'
[2020.07.10-15.25.30:538][422]LogBlueprintUserMessages: Early EndPlayMap Detection: Level '/Game/Maps/MainMap.MainMap:PersistentLevel' has LevelScriptBlueprint '/Game/Maps/MainMap.MainMap:PersistentLevel.MainMap' with GeneratedClass '/Game/Maps/MainMap.MainMap_C' with ClassGeneratedBy '/Game/Maps/MainMap.MainMap:PersistentLevel.MainMap'
[2020.07.10-15.25.30:538][422]LogSlate: Updating window title bar state: overlay mode, drag disabled, window buttons hidden, title bar hidden
[2020.07.10-15.25.30:538][422]LogWorld: BeginTearingDown for /Game/Maps/UEDPIE_0_MainMap
[2020.07.10-15.25.30:559][422]LogSlate: Window 'JamesSvillage Game Preview Standalone (64-bit/PCD3D_SM5)' being destroyed
[2020.07.10-15.25.30:572][422]LogWorld: UWorld::CleanupWorld for MainMap, bSessionEnded=true, bCleanupResources=true
[2020.07.10-15.25.30:579][422]LogPlayLevel: Display: Shutting down PIE online subsystems
[2020.07.10-15.25.30:579][422]LogBlueprintUserMessages: Late EndPlayMap Detection: Level '/Game/Maps/MainMap.MainMap:PersistentLevel' has LevelScriptBlueprint '/Game/Maps/MainMap.MainMap:PersistentLevel.MainMap' with GeneratedClass '/Game/Maps/MainMap.MainMap_C' with ClassGeneratedBy '/Game/Maps/MainMap.MainMap:PersistentLevel.MainMap'
[2020.07.10-15.25.30:619][422]LogUObjectHash: Compacting FUObjectHashTables data took   1.74ms
[2020.07.10-15.25.30:683][424]LogPlayLevel: Display: Destroying online subsystem :Context_2
[2020.07.10-15.26.07:112][ 64]LogTemp: Repeating last play command: New Editor Window (PIE)
[2020.07.10-15.26.07:137][ 64]LogBlueprintUserMessages: Early PlayInEditor Detection: Level '/Game/Maps/MainMap.MainMap:PersistentLevel' has LevelScriptBlueprint '/Game/Maps/MainMap.MainMap:PersistentLevel.MainMap' with GeneratedClass '/Game/Maps/MainMap.MainMap_C' with ClassGeneratedBy '/Game/Maps/MainMap.MainMap:PersistentLevel.MainMap'
[2020.07.10-15.26.07:137][ 64]LogPlayLevel: PlayLevel: No blueprints needed recompiling
[2020.07.10-15.26.07:137][ 64]PIE: New page: PIE session: MainMap (10 juil. 2020 19:26:07)
[2020.07.10-15.26.07:137][ 64]LogPlayLevel: Creating play world package: /Game/Maps/UEDPIE_0_MainMap
[2020.07.10-15.26.07:141][ 64]LogPlayLevel: PIE: StaticDuplicateObject took: (0.003180s)
[2020.07.10-15.26.07:142][ 64]LogAIModule: Creating AISystem for world MainMap
[2020.07.10-15.26.07:142][ 64]LogPlayLevel: PIE: World Init took: (0.001270s)
[2020.07.10-15.26.07:142][ 64]LogPlayLevel: PIE: Created PIE world by copying editor world from /Game/Maps/MainMap.MainMap to /Game/Maps/UEDPIE_0_MainMap.MainMap (0.004613s)
[2020.07.10-15.26.07:172][ 64]LogUObjectHash: Compacting FUObjectHashTables data took   1.86ms
[2020.07.10-15.26.07:245][ 64]LogInit: XAudio2 using 'Haut-parleurs (2- USB PnP Audio Device)' : 2 channels at 48 kHz using 16 bits per sample (channel mask 0x3)
[2020.07.10-15.26.07:262][ 64]LogInit: FAudioDevice initialized.
[2020.07.10-15.26.07:273][ 64]LogSlate: Updating window title bar state: overlay mode, drag disabled, window buttons hidden, title bar hidden
[2020.07.10-15.26.07:273][ 64]LogLoad: Game class is 'GM_Gamemode_C'
[2020.07.10-15.26.07:274][ 64]LogWorld: Bringing World /Game/Maps/UEDPIE_0_MainMap.MainMap up for play (max tick rate 0) at 2020.07.10-17.26.07
[2020.07.10-15.26.07:275][ 64]LogWorld: Bringing up level for play took: 0.000658
[2020.07.10-15.26.07:275][ 64]LogOnline: OSS: Creating online subsystem instance for: :Context_5
[2020.07.10-15.26.07:282][ 64]PIE: Play in editor start time for /Game/Maps/UEDPIE_0_MainMap 0,79
[2020.07.10-15.26.07:282][ 64]LogBlueprintUserMessages: Late PlayInEditor Detection: Level '/Game/Maps/MainMap.MainMap:PersistentLevel' has LevelScriptBlueprint '/Game/Maps/MainMap.MainMap:PersistentLevel.MainMap' with GeneratedClass '/Game/Maps/MainMap.MainMap_C' with ClassGeneratedBy '/Game/Maps/MainMap.MainMap:PersistentLevel.MainMap'
[2020.07.10-15.26.11:742][483]LogBlueprintUserMessages: Early EndPlayMap Detection: Level '/Game/Maps/MainMap.MainMap:PersistentLevel' has LevelScriptBlueprint '/Game/Maps/MainMap.MainMap:PersistentLevel.MainMap' with GeneratedClass '/Game/Maps/MainMap.MainMap_C' with ClassGeneratedBy '/Game/Maps/MainMap.MainMap:PersistentLevel.MainMap'
[2020.07.10-15.26.11:742][483]LogSlate: Updating window title bar state: overlay mode, drag disabled, window buttons hidden, title bar hidden
[2020.07.10-15.26.11:742][483]LogWorld: BeginTearingDown for /Game/Maps/UEDPIE_0_MainMap
[2020.07.10-15.26.11:763][483]LogSlate: Window 'JamesSvillage Game Preview Standalone (64-bit/PCD3D_SM5)' being destroyed
[2020.07.10-15.26.11:774][483]LogWorld: UWorld::CleanupWorld for MainMap, bSessionEnded=true, bCleanupResources=true
[2020.07.10-15.26.11:781][483]LogPlayLevel: Display: Shutting down PIE online subsystems
[2020.07.10-15.26.11:781][483]LogBlueprintUserMessages: Late EndPlayMap Detection: Level '/Game/Maps/MainMap.MainMap:PersistentLevel' has LevelScriptBlueprint '/Game/Maps/MainMap.MainMap:PersistentLevel.MainMap' with GeneratedClass '/Game/Maps/MainMap.MainMap_C' with ClassGeneratedBy '/Game/Maps/MainMap.MainMap:PersistentLevel.MainMap'
[2020.07.10-15.26.11:823][483]LogUObjectHash: Compacting FUObjectHashTables data took   2.00ms
[2020.07.10-15.26.11:851][485]LogPlayLevel: Display: Destroying online subsystem :Context_5
[2020.07.10-15.26.17:527][ 42]LogAssetEditorManager: Opening Asset editor for Blueprint /Game/BluePrints/BP_Player.BP_Player
[2020.07.10-15.26.17:924][ 42]LogContentBrowser: Native class hierarchy updated for 'BlueprintGraph' in 0.0007 seconds. Added 121 classes and 0 folders.
[2020.07.10-15.26.19:257][ 42]LogSlate: Took 0.032957 seconds to synchronously load lazily loaded font '../../../Engine/Content/Slate/Fonts/Roboto-BoldCondensed.ttf' (158K)
[2020.07.10-15.26.19:359][ 43]LogSlate: Took 0.012098 seconds to synchronously load lazily loaded font '../../../Engine/Content/Slate/Fonts/Roboto-Italic.ttf' (157K)
[2020.07.10-15.26.20:734][200]LogRenderer: Reallocating scene render targets to support 1616x1004 Format 10 NumSamples 1 (Frame:1).
[2020.07.10-15.26.23:839][515]LogSlate: FSceneViewport::OnFocusLost() reason 0
[2020.07.10-15.26.24:158][552]BlueprintLog: New page: Compile BP_Player
[2020.07.10-15.26.24:419][552]LogUObjectHash: Compacting FUObjectHashTables data took   4.23ms
[2020.07.10-15.26.25:410][645]LogWorld: UWorld::CleanupWorld for World_2, bSessionEnded=true, bCleanupResources=true
[2020.07.10-15.26.31:402][105]LogAssetEditorManager: Opening Asset editor for Blueprint /Game/BluePrints/BluePrintsInGame/BP_Vieux.BP_Vieux
[2020.07.10-15.26.37:428][597]LogWorld: UWorld::CleanupWorld for World_4, bSessionEnded=true, bCleanupResources=true
[2020.07.10-15.26.38:721][697]LogAssetEditorManager: Opening Asset editor for Blueprint /Game/BluePrints/BluePrintsInGame/BP_Vieux.BP_Vieux
[2020.07.10-15.26.54:485][958]LogAssetEditorManager: Opening Asset editor for Blueprint /Game/BluePrints/BP_Player.BP_Player
[2020.07.10-15.26.59:974][530]LogWorld: UWorld::CleanupWorld for World_6, bSessionEnded=true, bCleanupResources=true
[2020.07.10-15.27.01:048][621]LogActorComponent: UnregisterComponent: (/Engine/Transient.EditorFloorComp) Not registered. Aborting.
[2020.07.10-15.27.01:048][621]LogWorld: UWorld::CleanupWorld for World_5, bSessionEnded=true, bCleanupResources=true
[2020.07.10-15.27.03:347][800]LogUObjectHash: Compacting FUObjectHashTables data took   4.58ms
[2020.07.10-15.27.04:690][800]LogSlate: Window 'Delete Assets' being destroyed
[2020.07.10-15.27.08:758][800]LogUObjectGlobals: Force Deleting 1 Package(s):
	Asset Name: /Game/BluePrints/BluePrintsInGame/BP_Vieux.BP_Vieux
[2020.07.10-15.27.10:683][800]LogUObjectHash: Compacting FUObjectHashTables data took   4.08ms
[2020.07.10-15.27.10:960][800]LogUObjectHash: Compacting FUObjectHashTables data took   3.46ms
[2020.07.10-15.27.11:001][800]LogUObjectHash: Compacting FUObjectHashTables data took   3.09ms
[2020.07.10-15.27.11:039][800]LogUObjectHash: Compacting FUObjectHashTables data took   1.03ms
[2020.07.10-15.27.14:064][ 97]LogUObjectHash: Compacting FUObjectHashTables data took   1.05ms
[2020.07.10-15.27.15:218][ 97]LogSlate: Window 'Save Content' being destroyed
[2020.07.10-15.27.15:301][ 97]Cmd: OBJ SAVEPACKAGE PACKAGE="/Game/BluePrints/BP_Player" FILE="C:/Users/PC livio/Documents/GitHub/JamesSvillage/JamesSvillage/Content/BluePrints/BP_Player.uasset" SILENT=true
[2020.07.10-15.27.15:346][ 97]LogSavePackage: Moving 'C:/Users/PC livio/Documents/GitHub/JamesSvillage/JamesSvillage/Saved/BP_PlayerA53F35E54BCADF3919EA39868A170A08.tmp' to 'C:/Users/PC livio/Documents/GitHub/JamesSvillage/JamesSvillage/Content/BluePrints/BP_Player.uasset'
[2020.07.10-15.27.15:410][ 97]Cmd: OBJ SAVEPACKAGE PACKAGE="/Game/BluePrints/GM_Gamemode" FILE="C:/Users/PC livio/Documents/GitHub/JamesSvillage/JamesSvillage/Content/BluePrints/GM_Gamemode.uasset" SILENT=true
[2020.07.10-15.27.15:435][ 97]LogSavePackage: Moving 'C:/Users/PC livio/Documents/GitHub/JamesSvillage/JamesSvillage/Saved/GM_Gamemode0F86EF5C4FEC479AAE4072AC43E888D4.tmp' to 'C:/Users/PC livio/Documents/GitHub/JamesSvillage/JamesSvillage/Content/BluePrints/GM_Gamemode.uasset'
[2020.07.10-15.27.15:448][ 97]Cmd: OBJ SAVEPACKAGE PACKAGE="/Game/Maps/MainMap" FILE="C:/Users/PC livio/Documents/GitHub/JamesSvillage/JamesSvillage/Content/Maps/MainMap.umap" SILENT=true AUTOSAVING=false KEEPDIRTY=false
[2020.07.10-15.27.15:491][ 97]LogUObjectHash: Compacting FUObjectHashTables data took   3.01ms
[2020.07.10-15.27.15:733][ 97]LogSavePackage: Moving 'C:/Users/PC livio/Documents/GitHub/JamesSvillage/JamesSvillage/Saved/MainMap3B0FFA81459F0E79E7E85D83215EC8F5.tmp' to 'C:/Users/PC livio/Documents/GitHub/JamesSvillage/JamesSvillage/Content/Maps/MainMap.umap'
[2020.07.10-15.27.15:778][ 97]LogFileHelpers: Saving map 'MainMap' took 0.330
[2020.07.10-15.27.21:914][380]LogUObjectHash: Compacting FUObjectHashTables data took   3.55ms
[2020.07.10-15.27.51:371][820]LogTemp: Repeating last play command: New Editor Window (PIE)
[2020.07.10-15.27.51:396][820]LogBlueprintUserMessages: Early PlayInEditor Detection: Level '/Game/Maps/MainMap.MainMap:PersistentLevel' has LevelScriptBlueprint '/Game/Maps/MainMap.MainMap:PersistentLevel.MainMap' with GeneratedClass '/Game/Maps/MainMap.MainMap_C' with ClassGeneratedBy '/Game/Maps/MainMap.MainMap:PersistentLevel.MainMap'
[2020.07.10-15.27.51:396][820]LogPlayLevel: PlayLevel: No blueprints needed recompiling
[2020.07.10-15.27.51:396][820]PIE: New page: PIE session: MainMap (10 juil. 2020 19:27:51)
[2020.07.10-15.27.51:396][820]LogPlayLevel: Creating play world package: /Game/Maps/UEDPIE_0_MainMap
[2020.07.10-15.27.51:399][820]LogPlayLevel: PIE: StaticDuplicateObject took: (0.003016s)
[2020.07.10-15.27.51:400][820]LogAIModule: Creating AISystem for world MainMap
[2020.07.10-15.27.51:400][820]LogPlayLevel: PIE: World Init took: (0.001398s)
[2020.07.10-15.27.51:400][820]LogPlayLevel: PIE: Created PIE world by copying editor world from /Game/Maps/MainMap.MainMap to /Game/Maps/UEDPIE_0_MainMap.MainMap (0.004596s)
[2020.07.10-15.27.51:434][820]LogUObjectHash: Compacting FUObjectHashTables data took   3.05ms
[2020.07.10-15.27.51:502][820]LogInit: XAudio2 using 'Haut-parleurs (2- USB PnP Audio Device)' : 2 channels at 48 kHz using 16 bits per sample (channel mask 0x3)
[2020.07.10-15.27.51:518][820]LogInit: FAudioDevice initialized.
[2020.07.10-15.27.51:527][820]LogSlate: Updating window title bar state: overlay mode, drag disabled, window buttons hidden, title bar hidden
[2020.07.10-15.27.51:527][820]LogLoad: Game class is 'GM_Gamemode_C'
[2020.07.10-15.27.51:529][820]LogWorld: Bringing World /Game/Maps/UEDPIE_0_MainMap.MainMap up for play (max tick rate 0) at 2020.07.10-17.27.51
[2020.07.10-15.27.51:529][820]LogWorld: Bringing up level for play took: 0.000885
[2020.07.10-15.27.51:529][820]LogOnline: OSS: Creating online subsystem instance for: :Context_11
[2020.07.10-15.27.51:536][820]PIE: Play in editor start time for /Game/Maps/UEDPIE_0_MainMap 1,043
[2020.07.10-15.27.51:536][820]LogBlueprintUserMessages: Late PlayInEditor Detection: Level '/Game/Maps/MainMap.MainMap:PersistentLevel' has LevelScriptBlueprint '/Game/Maps/MainMap.MainMap:PersistentLevel.MainMap' with GeneratedClass '/Game/Maps/MainMap.MainMap_C' with ClassGeneratedBy '/Game/Maps/MainMap.MainMap:PersistentLevel.MainMap'
[2020.07.10-15.27.53:596][ 27]LogBlueprintUserMessages: Early EndPlayMap Detection: Level '/Game/Maps/MainMap.MainMap:PersistentLevel' has LevelScriptBlueprint '/Game/Maps/MainMap.MainMap:PersistentLevel.MainMap' with GeneratedClass '/Game/Maps/MainMap.MainMap_C' with ClassGeneratedBy '/Game/Maps/MainMap.MainMap:PersistentLevel.MainMap'
[2020.07.10-15.27.53:596][ 27]LogSlate: Updating window title bar state: overlay mode, drag disabled, window buttons hidden, title bar hidden
[2020.07.10-15.27.53:596][ 27]LogWorld: BeginTearingDown for /Game/Maps/UEDPIE_0_MainMap
[2020.07.10-15.27.53:616][ 27]LogSlate: Window 'JamesSvillage Game Preview Standalone (64-bit/PCD3D_SM5)' being destroyed
[2020.07.10-15.27.53:629][ 27]LogWorld: UWorld::CleanupWorld for MainMap, bSessionEnded=true, bCleanupResources=true
[2020.07.10-15.27.53:637][ 27]LogPlayLevel: Display: Shutting down PIE online subsystems
[2020.07.10-15.27.53:637][ 27]LogBlueprintUserMessages: Late EndPlayMap Detection: Level '/Game/Maps/MainMap.MainMap:PersistentLevel' has LevelScriptBlueprint '/Game/Maps/MainMap.MainMap:PersistentLevel.MainMap' with GeneratedClass '/Game/Maps/MainMap.MainMap_C' with ClassGeneratedBy '/Game/Maps/MainMap.MainMap:PersistentLevel.MainMap'
[2020.07.10-15.27.53:683][ 27]LogUObjectHash: Compacting FUObjectHashTables data took   3.36ms
[2020.07.10-15.27.53:701][ 28]LogPlayLevel: Display: Destroying online subsystem :Context_11
[2020.07.10-15.29.20:787][630]LogAssetEditorManager: Opening Asset editor for Blueprint /Game/BluePrints/BP_Player.BP_Player
[2020.07.10-15.32.53:542][567]LogEditorSessionSummary: EditorSessionSummary sent report. Type=Shutdown, SessionId={335F2618-48B1-F5B1-3967-D3AEB534224F}
[2020.07.10-15.32.53:542][567]LogEditorSessionSummary: EditorSessionSummary sent report. Type=Shutdown, SessionId={2DDABA03-443E-E743-D553-C68B84528643}
[2020.07.10-15.34.53:861][ 68]LogEditorSessionSummary: EditorSessionSummary sent report. Type=Shutdown, SessionId={943C6603-4992-BAB4-A0AC-9A80862DE8B2}
[2020.07.10-15.35.12:922][607]BlueprintLog: New page: Compile BP_Player
[2020.07.10-15.35.13:192][607]LogUObjectHash: Compacting FUObjectHashTables data took   4.22ms
[2020.07.10-15.35.50:264][846]LogUObjectHash: Compacting FUObjectHashTables data took   3.85ms
[2020.07.10-15.35.51:358][846]LogSlate: Window 'Save Content' being destroyed
[2020.07.10-15.35.51:429][846]Cmd: OBJ SAVEPACKAGE PACKAGE="/Game/BluePrints/BP_Player" FILE="C:/Users/PC livio/Documents/GitHub/JamesSvillage/JamesSvillage/Content/BluePrints/BP_Player.uasset" SILENT=true
[2020.07.10-15.35.51:476][846]LogSavePackage: Moving 'C:/Users/PC livio/Documents/GitHub/JamesSvillage/JamesSvillage/Saved/BP_Player091EC8574E9ABF8989B754BEC71FCB43.tmp' to 'C:/Users/PC livio/Documents/GitHub/JamesSvillage/JamesSvillage/Content/BluePrints/BP_Player.uasset'
